<?xml version="1.0" encoding="UTF-8"?>
<!-- Generated by org.testng.reporters.JUnitXMLReporter -->
<testsuite ignored="0" hostname="WPF3NCEPA" failures="0" tests="7" name="Test" time="1.312" errors="0" timestamp="2022-12-01T16:35:30 IST">
  <testcase classname="TestCases.ForgotPassword" name="@BeforeMethod setup" time="0.045">
    <failure type="java.lang.IllegalStateException" message="The driver executable does not exist: E:\New_Downloads\Selenium_31_10_2022\chromedriver_win32 (1)\chromedriver.exe">
      <![CDATA[java.lang.IllegalStateException: The driver executable does not exist: E:\New_Downloads\Selenium_31_10_2022\chromedriver_win32 (1)\chromedriver.exe
at com.google.common.base.Preconditions.checkState(Preconditions.java:585)
at org.openqa.selenium.remote.service.DriverService.checkExecutable(DriverService.java:146)
at org.openqa.selenium.remote.service.DriverService.findExecutable(DriverService.java:141)
at org.openqa.selenium.chrome.ChromeDriverService.access$000(ChromeDriverService.java:35)
at org.openqa.selenium.chrome.ChromeDriverService$Builder.findDefaultExecutable(ChromeDriverService.java:159)
at org.openqa.selenium.remote.service.DriverService$Builder.build(DriverService.java:355)
at org.openqa.selenium.chrome.ChromeDriverService.createDefaultService(ChromeDriverService.java:94)
at org.openqa.selenium.chrome.ChromeDriver.<init>(ChromeDriver.java:123)
at com.Insta.BaseTest.setUpBrowser(BaseTest.java:41)
at TestCases.ForgotPassword.setup(ForgotPassword.java:26)
at java.base/java.util.ArrayList.forEach(ArrayList.java:1511)
... Removed 31 stack frames]]>
    </failure>
  </testcase> <!-- @BeforeMethod setup -->
  <testcase classname="TestCases.CreateNewAccount" name="@BeforeMethod setup" time="0.005">
    <failure type="java.lang.IllegalStateException" message="The driver executable does not exist: E:\New_Downloads\Selenium_31_10_2022\chromedriver_win32 (1)\chromedriver.exe">
      <![CDATA[java.lang.IllegalStateException: The driver executable does not exist: E:\New_Downloads\Selenium_31_10_2022\chromedriver_win32 (1)\chromedriver.exe
at com.google.common.base.Preconditions.checkState(Preconditions.java:585)
at org.openqa.selenium.remote.service.DriverService.checkExecutable(DriverService.java:146)
at org.openqa.selenium.remote.service.DriverService.findExecutable(DriverService.java:141)
at org.openqa.selenium.chrome.ChromeDriverService.access$000(ChromeDriverService.java:35)
at org.openqa.selenium.chrome.ChromeDriverService$Builder.findDefaultExecutable(ChromeDriverService.java:159)
at org.openqa.selenium.remote.service.DriverService$Builder.build(DriverService.java:355)
at org.openqa.selenium.chrome.ChromeDriverService.createDefaultService(ChromeDriverService.java:94)
at org.openqa.selenium.chrome.ChromeDriver.<init>(ChromeDriver.java:123)
at com.Insta.BaseTest.setUpBrowser(BaseTest.java:41)
at TestCases.CreateNewAccount.setup(CreateNewAccount.java:29)
at java.base/java.util.ArrayList.forEach(ArrayList.java:1511)
... Removed 31 stack frames]]>
    </failure>
  </testcase> <!-- @BeforeMethod setup -->
  <testcase classname="TestCases.CreateNewAccount" name="@AfterMethod teardown" time="-1.669892729175E9">
    <skipped/>
  </testcase> <!-- @AfterMethod teardown -->
  <testcase classname="TestCases.LoginCheck" name="@BeforeMethod setup" time="0.004">
    <failure type="java.lang.IllegalStateException" message="The driver executable does not exist: E:\New_Downloads\Selenium_31_10_2022\chromedriver_win32 (1)\chromedriver.exe">
      <![CDATA[java.lang.IllegalStateException: The driver executable does not exist: E:\New_Downloads\Selenium_31_10_2022\chromedriver_win32 (1)\chromedriver.exe
at com.google.common.base.Preconditions.checkState(Preconditions.java:585)
at org.openqa.selenium.remote.service.DriverService.checkExecutable(DriverService.java:146)
at org.openqa.selenium.remote.service.DriverService.findExecutable(DriverService.java:141)
at org.openqa.selenium.chrome.ChromeDriverService.access$000(ChromeDriverService.java:35)
at org.openqa.selenium.chrome.ChromeDriverService$Builder.findDefaultExecutable(ChromeDriverService.java:159)
at org.openqa.selenium.remote.service.DriverService$Builder.build(DriverService.java:355)
at org.openqa.selenium.chrome.ChromeDriverService.createDefaultService(ChromeDriverService.java:94)
at org.openqa.selenium.chrome.ChromeDriver.<init>(ChromeDriver.java:123)
at com.Insta.BaseTest.setUpBrowser(BaseTest.java:41)
at TestCases.LoginCheck.setup(LoginCheck.java:26)
at java.base/java.util.ArrayList.forEach(ArrayList.java:1511)
... Removed 31 stack frames]]>
    </failure>
  </testcase> <!-- @BeforeMethod setup -->
  <testcase classname="TestCases.LoginCheck" name="@AfterMethod tearDown" time="-1.669892730042E9">
    <skipped/>
  </testcase> <!-- @AfterMethod tearDown -->
  <testcase classname="TestCases.LoginCheck" name="@BeforeMethod setup" time="-1.669892730043E9">
    <skipped/>
  </testcase> <!-- @BeforeMethod setup -->
  <testcase classname="TestCases.LoginCheck" name="@AfterMethod tearDown" time="-1.66989273005E9">
    <skipped/>
  </testcase> <!-- @AfterMethod tearDown -->
  <testcase classname="TestCases.LoginCheck" name="@BeforeMethod setup" time="-1.669892730051E9">
    <skipped/>
  </testcase> <!-- @BeforeMethod setup -->
  <testcase classname="TestCases.LoginCheck" name="@AfterMethod tearDown" time="-1.66989273006E9">
    <skipped/>
  </testcase> <!-- @AfterMethod tearDown -->
  <testcase classname="TestCases.LoginCheck" name="@BeforeMethod setup" time="-1.669892730061E9">
    <skipped/>
  </testcase> <!-- @BeforeMethod setup -->
  <testcase classname="TestCases.LoginCheck" name="@AfterMethod tearDown" time="-1.669892730069E9">
    <skipped/>
  </testcase> <!-- @AfterMethod tearDown -->
  <testcase classname="TestCases.LoginCheck" name="@BeforeMethod setup" time="-1.669892730071E9">
    <skipped/>
  </testcase> <!-- @BeforeMethod setup -->
  <testcase classname="TestCases.LoginCheck" name="@AfterMethod tearDown" time="-1.669892730079E9">
    <skipped/>
  </testcase> <!-- @AfterMethod tearDown -->
  <testcase classname="TestCases.ForgotPassword" name="forgotPasswordText" time="0.0">
    <skipped/>
  </testcase> <!-- forgotPasswordText -->
  <testcase classname="TestCases.CreateNewAccount" name="createNewButton" time="0.0">
    <skipped/>
  </testcase> <!-- createNewButton -->
  <testcase classname="TestCases.LoginCheck" name="loginCheck" time="0.0">
    <skipped/>
  </testcase> <!-- loginCheck -->
  <testcase classname="TestCases.LoginCheck" name="loginCheck" time="0.0">
    <skipped/>
  </testcase> <!-- loginCheck -->
  <testcase classname="TestCases.LoginCheck" name="loginCheck" time="0.0">
    <skipped/>
  </testcase> <!-- loginCheck -->
  <testcase classname="TestCases.LoginCheck" name="loginCheck" time="0.0">
    <skipped/>
  </testcase> <!-- loginCheck -->
  <testcase classname="TestCases.LoginCheck" name="loginCheck" time="0.0">
    <skipped/>
  </testcase> <!-- loginCheck -->
</testsuite> <!-- Test -->
